<?xml version="1.0" encoding="UTF-8"?>
<coverage generated="1635015276017" clover="3.2.0">
  <project timestamp="1635015276017" name="All files">
    <metrics statements="188" coveredstatements="174" conditionals="127" coveredconditionals="103" methods="18" coveredmethods="18" elements="333" coveredelements="295" complexity="0" loc="188" ncloc="188" packages="1" files="1" classes="1"/>
    <file name="script.js" path="D:\js\vscode\CustomLodash\script.js">
      <metrics statements="188" coveredstatements="174" conditionals="127" coveredconditionals="103" methods="18" coveredmethods="18"/>
      <line num="3" count="360" type="stmt"/>
      <line num="4" count="360" type="stmt"/>
      <line num="5" count="694" type="stmt"/>
      <line num="7" count="360" type="stmt"/>
      <line num="11" count="136" type="stmt"/>
      <line num="12" count="136" type="stmt"/>
      <line num="13" count="136" type="stmt"/>
      <line num="17" count="4" type="stmt"/>
      <line num="18" count="4" type="stmt"/>
      <line num="19" count="4" type="stmt"/>
      <line num="20" count="16" type="stmt"/>
      <line num="21" count="16" type="cond" truecount="2" falsecount="0"/>
      <line num="22" count="8" type="stmt"/>
      <line num="23" count="8" type="stmt"/>
      <line num="26" count="4" type="cond" truecount="2" falsecount="0"/>
      <line num="27" count="1" type="stmt"/>
      <line num="29" count="4" type="stmt"/>
      <line num="33" count="4" type="stmt"/>
      <line num="34" count="4" type="stmt"/>
      <line num="35" count="23" type="cond" truecount="2" falsecount="0"/>
      <line num="36" count="10" type="stmt"/>
      <line num="39" count="4" type="stmt"/>
      <line num="43" count="4" type="stmt"/>
      <line num="44" count="4" type="stmt"/>
      <line num="45" count="12" type="cond" truecount="2" falsecount="0"/>
      <line num="46" count="6" type="stmt"/>
      <line num="49" count="4" type="stmt"/>
      <line num="53" count="4" type="stmt"/>
      <line num="57" count="4" type="stmt"/>
      <line num="58" count="4" type="stmt"/>
      <line num="59" count="12" type="cond" truecount="2" falsecount="0"/>
      <line num="60" count="6" type="stmt"/>
      <line num="63" count="4" type="stmt"/>
      <line num="67" count="8" type="stmt"/>
      <line num="68" count="8" type="cond" truecount="2" falsecount="0"/>
      <line num="69" count="4" type="stmt"/>
      <line num="70" count="8" type="cond" truecount="2" falsecount="0"/>
      <line num="71" count="2" type="cond" truecount="2" falsecount="0"/>
      <line num="72" count="1" type="stmt"/>
      <line num="74" count="6" type="cond" truecount="2" falsecount="0"/>
      <line num="75" count="2" type="cond" truecount="2" falsecount="0"/>
      <line num="76" count="1" type="stmt"/>
      <line num="78" count="4" type="cond" truecount="1" falsecount="1"/>
      <line num="79" count="4" type="stmt"/>
      <line num="80" count="4" type="stmt"/>
      <line num="81" count="4" type="stmt"/>
      <line num="83" count="4" type="cond" truecount="4" falsecount="0"/>
      <line num="84" count="3" type="stmt"/>
      <line num="87" count="0" type="cond" truecount="0" falsecount="2"/>
      <line num="88" count="0" type="stmt"/>
      <line num="93" count="4" type="cond" truecount="2" falsecount="0"/>
      <line num="94" count="1" type="cond" truecount="1" falsecount="1"/>
      <line num="95" count="1" type="stmt"/>
      <line num="97" count="3" type="cond" truecount="2" falsecount="0"/>
      <line num="98" count="1" type="cond" truecount="1" falsecount="1"/>
      <line num="99" count="0" type="stmt"/>
      <line num="101" count="2" type="cond" truecount="1" falsecount="1"/>
      <line num="102" count="2" type="stmt"/>
      <line num="103" count="2" type="stmt"/>
      <line num="104" count="2" type="stmt"/>
      <line num="106" count="2" type="cond" truecount="3" falsecount="1"/>
      <line num="107" count="2" type="stmt"/>
      <line num="110" count="0" type="cond" truecount="0" falsecount="2"/>
      <line num="111" count="0" type="stmt"/>
      <line num="115" count="8" type="stmt"/>
      <line num="119" count="8" type="cond" truecount="2" falsecount="0"/>
      <line num="120" count="4" type="stmt"/>
      <line num="121" count="7" type="cond" truecount="2" falsecount="0"/>
      <line num="122" count="1" type="cond" truecount="1" falsecount="1"/>
      <line num="123" count="1" type="stmt"/>
      <line num="125" count="6" type="cond" truecount="2" falsecount="0"/>
      <line num="126" count="2" type="cond" truecount="2" falsecount="0"/>
      <line num="127" count="1" type="stmt"/>
      <line num="129" count="4" type="cond" truecount="1" falsecount="1"/>
      <line num="130" count="4" type="stmt"/>
      <line num="131" count="4" type="stmt"/>
      <line num="132" count="6" type="stmt"/>
      <line num="134" count="4" type="cond" truecount="4" falsecount="0"/>
      <line num="135" count="2" type="stmt"/>
      <line num="138" count="0" type="cond" truecount="0" falsecount="2"/>
      <line num="139" count="0" type="stmt"/>
      <line num="144" count="4" type="stmt"/>
      <line num="145" count="8" type="cond" truecount="2" falsecount="0"/>
      <line num="146" count="1" type="cond" truecount="1" falsecount="1"/>
      <line num="147" count="1" type="stmt"/>
      <line num="149" count="7" type="cond" truecount="2" falsecount="0"/>
      <line num="150" count="3" type="cond" truecount="1" falsecount="1"/>
      <line num="151" count="0" type="stmt"/>
      <line num="153" count="4" type="cond" truecount="1" falsecount="1"/>
      <line num="154" count="4" type="stmt"/>
      <line num="155" count="4" type="stmt"/>
      <line num="156" count="6" type="stmt"/>
      <line num="158" count="4" type="cond" truecount="4" falsecount="0"/>
      <line num="159" count="1" type="stmt"/>
      <line num="162" count="0" type="cond" truecount="0" falsecount="2"/>
      <line num="163" count="0" type="stmt"/>
      <line num="168" count="2" type="stmt"/>
      <line num="172" count="4" type="cond" truecount="4" falsecount="0"/>
      <line num="173" count="1" type="stmt"/>
      <line num="174" count="1" type="stmt"/>
      <line num="175" count="1" type="stmt"/>
      <line num="176" count="1" type="cond" truecount="1" falsecount="1"/>
      <line num="177" count="1" type="cond" truecount="1" falsecount="1"/>
      <line num="178" count="1" type="stmt"/>
      <line num="182" count="0" type="stmt"/>
      <line num="184" count="3" type="cond" truecount="2" falsecount="0"/>
      <line num="185" count="1" type="stmt"/>
      <line num="187" count="2" type="stmt"/>
      <line num="188" count="4" type="cond" truecount="4" falsecount="0"/>
      <line num="189" count="1" type="stmt"/>
      <line num="192" count="1" type="stmt"/>
      <line num="197" count="4" type="stmt"/>
      <line num="198" count="4" type="cond" truecount="2" falsecount="0"/>
      <line num="199" count="2" type="stmt"/>
      <line num="200" count="4" type="cond" truecount="2" falsecount="0"/>
      <line num="201" count="2" type="stmt"/>
      <line num="203" count="2" type="stmt"/>
      <line num="207" count="2" type="cond" truecount="1" falsecount="1"/>
      <line num="208" count="0" type="stmt"/>
      <line num="210" count="2" type="stmt"/>
      <line num="211" count="4" type="stmt"/>
      <line num="215" count="4" type="stmt"/>
      <line num="219" count="4" type="stmt"/>
      <line num="220" count="4" type="stmt"/>
      <line num="221" count="8" type="stmt"/>
      <line num="222" count="8" type="stmt"/>
      <line num="223" count="24" type="stmt"/>
      <line num="225" count="8" type="stmt"/>
      <line num="227" count="4" type="stmt"/>
      <line num="231" count="3" type="stmt"/>
      <line num="232" count="3" type="stmt"/>
      <line num="233" count="3" type="stmt"/>
      <line num="234" count="3" type="cond" truecount="1" falsecount="1"/>
      <line num="235" count="3" type="stmt"/>
      <line num="236" count="6" type="cond" truecount="1" falsecount="1"/>
      <line num="237" count="6" type="stmt"/>
      <line num="238" count="7" type="cond" truecount="4" falsecount="0"/>
      <line num="239" count="2" type="stmt"/>
      <line num="241" count="5" type="stmt"/>
      <line num="244" count="0" type="stmt"/>
      <line num="248" count="0" type="stmt"/>
      <line num="252" count="3" type="stmt"/>
      <line num="256" count="3" type="stmt"/>
      <line num="257" count="3" type="stmt"/>
      <line num="258" count="3" type="stmt"/>
      <line num="259" count="3" type="cond" truecount="2" falsecount="0"/>
      <line num="260" count="1" type="stmt"/>
      <line num="262" count="2" type="stmt"/>
      <line num="263" count="3" type="stmt"/>
      <line num="267" count="3" type="stmt"/>
      <line num="268" count="9" type="stmt"/>
      <line num="269" count="11" type="cond" truecount="2" falsecount="0"/>
      <line num="270" count="4" type="stmt"/>
      <line num="271" count="7" type="cond" truecount="2" falsecount="0"/>
      <line num="272" count="5" type="stmt"/>
      <line num="276" count="3" type="stmt"/>
      <line num="280" count="2" type="stmt"/>
      <line num="281" count="2" type="stmt"/>
      <line num="282" count="6" type="cond" truecount="2" falsecount="0"/>
      <line num="283" count="3" type="stmt"/>
      <line num="286" count="2" type="stmt"/>
      <line num="290" count="3" type="stmt"/>
      <line num="291" count="3" type="stmt"/>
      <line num="292" count="3" type="stmt"/>
      <line num="293" count="3" type="cond" truecount="2" falsecount="0"/>
      <line num="294" count="1" type="stmt"/>
      <line num="296" count="2" type="stmt"/>
      <line num="297" count="3" type="stmt"/>
      <line num="301" count="3" type="stmt"/>
      <line num="302" count="9" type="stmt"/>
      <line num="303" count="11" type="cond" truecount="2" falsecount="0"/>
      <line num="304" count="4" type="stmt"/>
      <line num="305" count="4" type="stmt"/>
      <line num="309" count="3" type="stmt"/>
      <line num="313" count="2" type="stmt"/>
      <line num="314" count="2" type="stmt"/>
      <line num="315" count="6" type="cond" truecount="2" falsecount="0"/>
      <line num="316" count="3" type="stmt"/>
      <line num="319" count="2" type="stmt"/>
      <line num="323" count="2" type="stmt"/>
      <line num="324" count="2" type="stmt"/>
      <line num="325" count="6" type="cond" truecount="2" falsecount="0"/>
      <line num="326" count="5" type="stmt"/>
      <line num="327" count="5" type="stmt"/>
      <line num="328" count="5" type="stmt"/>
      <line num="329" count="5" type="stmt"/>
      <line num="332" count="2" type="stmt"/>
      <line num="336" count="1" type="stmt"/>
    </file>
  </project>
</coverage>
