{"D:\\js\\vscode\\CustomLodash\\script.js": {"path":"D:\\js\\vscode\\CustomLodash\\script.js","statementMap":{"0":{"start":{"line":3,"column":21},"end":{"line":3,"column":22}},"1":{"start":{"line":4,"column":8},"end":{"line":6,"column":9}},"2":{"start":{"line":5,"column":12},"end":{"line":5,"column":24}},"3":{"start":{"line":7,"column":8},"end":{"line":7,"column":22}},"4":{"start":{"line":11,"column":21},"end":{"line":11,"column":26}},"5":{"start":{"line":12,"column":8},"end":{"line":12,"column":48}},"6":{"start":{"line":13,"column":8},"end":{"line":13,"column":22}},"7":{"start":{"line":17,"column":22},"end":{"line":17,"column":24}},"8":{"start":{"line":18,"column":27},"end":{"line":18,"column":29}},"9":{"start":{"line":19,"column":8},"end":{"line":25,"column":9}},"10":{"start":{"line":19,"column":21},"end":{"line":19,"column":22}},"11":{"start":{"line":20,"column":12},"end":{"line":20,"column":49}},"12":{"start":{"line":21,"column":12},"end":{"line":24,"column":13}},"13":{"start":{"line":22,"column":16},"end":{"line":22,"column":52}},"14":{"start":{"line":23,"column":16},"end":{"line":23,"column":34}},"15":{"start":{"line":26,"column":8},"end":{"line":28,"column":9}},"16":{"start":{"line":27,"column":12},"end":{"line":27,"column":48}},"17":{"start":{"line":29,"column":8},"end":{"line":29,"column":23}},"18":{"start":{"line":33,"column":25},"end":{"line":33,"column":27}},"19":{"start":{"line":34,"column":8},"end":{"line":38,"column":9}},"20":{"start":{"line":34,"column":21},"end":{"line":34,"column":22}},"21":{"start":{"line":35,"column":12},"end":{"line":37,"column":13}},"22":{"start":{"line":36,"column":16},"end":{"line":36,"column":51}},"23":{"start":{"line":39,"column":8},"end":{"line":39,"column":26}},"24":{"start":{"line":43,"column":22},"end":{"line":43,"column":24}},"25":{"start":{"line":44,"column":8},"end":{"line":48,"column":9}},"26":{"start":{"line":44,"column":21},"end":{"line":44,"column":22}},"27":{"start":{"line":45,"column":12},"end":{"line":47,"column":13}},"28":{"start":{"line":46,"column":16},"end":{"line":46,"column":48}},"29":{"start":{"line":49,"column":8},"end":{"line":49,"column":23}},"30":{"start":{"line":53,"column":8},"end":{"line":53,"column":33}},"31":{"start":{"line":57,"column":20},"end":{"line":57,"column":22}},"32":{"start":{"line":58,"column":8},"end":{"line":62,"column":9}},"33":{"start":{"line":58,"column":21},"end":{"line":58,"column":22}},"34":{"start":{"line":59,"column":12},"end":{"line":61,"column":13}},"35":{"start":{"line":60,"column":16},"end":{"line":60,"column":45}},"36":{"start":{"line":63,"column":8},"end":{"line":63,"column":21}},"37":{"start":{"line":67,"column":25},"end":{"line":67,"column":27}},"38":{"start":{"line":68,"column":8},"end":{"line":114,"column":9}},"39":{"start":{"line":69,"column":12},"end":{"line":91,"column":13}},"40":{"start":{"line":70,"column":16},"end":{"line":90,"column":17}},"41":{"start":{"line":71,"column":20},"end":{"line":73,"column":21}},"42":{"start":{"line":72,"column":23},"end":{"line":72,"column":52}},"43":{"start":{"line":74,"column":23},"end":{"line":90,"column":17}},"44":{"start":{"line":75,"column":20},"end":{"line":77,"column":21}},"45":{"start":{"line":76,"column":24},"end":{"line":76,"column":53}},"46":{"start":{"line":78,"column":24},"end":{"line":90,"column":17}},"47":{"start":{"line":79,"column":33},"end":{"line":79,"column":35}},"48":{"start":{"line":80,"column":20},"end":{"line":82,"column":21}},"49":{"start":{"line":81,"column":24},"end":{"line":81,"column":48}},"50":{"start":{"line":83,"column":20},"end":{"line":85,"column":21}},"51":{"start":{"line":84,"column":24},"end":{"line":84,"column":53}},"52":{"start":{"line":87,"column":20},"end":{"line":89,"column":21}},"53":{"start":{"line":88,"column":24},"end":{"line":88,"column":53}},"54":{"start":{"line":93,"column":12},"end":{"line":113,"column":13}},"55":{"start":{"line":94,"column":16},"end":{"line":96,"column":17}},"56":{"start":{"line":95,"column":20},"end":{"line":95,"column":55}},"57":{"start":{"line":97,"column":19},"end":{"line":113,"column":13}},"58":{"start":{"line":98,"column":16},"end":{"line":100,"column":17}},"59":{"start":{"line":99,"column":20},"end":{"line":99,"column":55}},"60":{"start":{"line":101,"column":20},"end":{"line":113,"column":13}},"61":{"start":{"line":102,"column":29},"end":{"line":102,"column":31}},"62":{"start":{"line":103,"column":16},"end":{"line":105,"column":17}},"63":{"start":{"line":104,"column":20},"end":{"line":104,"column":44}},"64":{"start":{"line":106,"column":16},"end":{"line":108,"column":17}},"65":{"start":{"line":107,"column":24},"end":{"line":107,"column":59}},"66":{"start":{"line":110,"column":16},"end":{"line":112,"column":17}},"67":{"start":{"line":111,"column":20},"end":{"line":111,"column":55}},"68":{"start":{"line":115,"column":8},"end":{"line":115,"column":24}},"69":{"start":{"line":119,"column":8},"end":{"line":167,"column":9}},"70":{"start":{"line":120,"column":12},"end":{"line":142,"column":13}},"71":{"start":{"line":121,"column":16},"end":{"line":141,"column":17}},"72":{"start":{"line":122,"column":20},"end":{"line":124,"column":21}},"73":{"start":{"line":123,"column":24},"end":{"line":123,"column":36}},"74":{"start":{"line":125,"column":23},"end":{"line":141,"column":17}},"75":{"start":{"line":126,"column":20},"end":{"line":128,"column":21}},"76":{"start":{"line":127,"column":24},"end":{"line":127,"column":36}},"77":{"start":{"line":129,"column":24},"end":{"line":141,"column":17}},"78":{"start":{"line":130,"column":33},"end":{"line":130,"column":35}},"79":{"start":{"line":131,"column":20},"end":{"line":133,"column":21}},"80":{"start":{"line":132,"column":24},"end":{"line":132,"column":48}},"81":{"start":{"line":134,"column":20},"end":{"line":136,"column":21}},"82":{"start":{"line":135,"column":24},"end":{"line":135,"column":36}},"83":{"start":{"line":138,"column":20},"end":{"line":140,"column":21}},"84":{"start":{"line":139,"column":24},"end":{"line":139,"column":36}},"85":{"start":{"line":144,"column":12},"end":{"line":166,"column":13}},"86":{"start":{"line":145,"column":16},"end":{"line":165,"column":17}},"87":{"start":{"line":146,"column":20},"end":{"line":148,"column":21}},"88":{"start":{"line":147,"column":24},"end":{"line":147,"column":42}},"89":{"start":{"line":149,"column":23},"end":{"line":165,"column":17}},"90":{"start":{"line":150,"column":20},"end":{"line":152,"column":21}},"91":{"start":{"line":151,"column":24},"end":{"line":151,"column":42}},"92":{"start":{"line":153,"column":24},"end":{"line":165,"column":17}},"93":{"start":{"line":154,"column":33},"end":{"line":154,"column":35}},"94":{"start":{"line":155,"column":20},"end":{"line":157,"column":21}},"95":{"start":{"line":156,"column":24},"end":{"line":156,"column":48}},"96":{"start":{"line":158,"column":20},"end":{"line":160,"column":21}},"97":{"start":{"line":159,"column":24},"end":{"line":159,"column":42}},"98":{"start":{"line":162,"column":20},"end":{"line":164,"column":21}},"99":{"start":{"line":163,"column":24},"end":{"line":163,"column":42}},"100":{"start":{"line":168,"column":8},"end":{"line":168,"column":18}},"101":{"start":{"line":172,"column":8},"end":{"line":193,"column":9}},"102":{"start":{"line":173,"column":27},"end":{"line":173,"column":28}},"103":{"start":{"line":174,"column":12},"end":{"line":181,"column":13}},"104":{"start":{"line":175,"column":16},"end":{"line":175,"column":30}},"105":{"start":{"line":176,"column":16},"end":{"line":180,"column":17}},"106":{"start":{"line":177,"column":20},"end":{"line":179,"column":21}},"107":{"start":{"line":178,"column":24},"end":{"line":178,"column":36}},"108":{"start":{"line":182,"column":12},"end":{"line":182,"column":25}},"109":{"start":{"line":184,"column":12},"end":{"line":186,"column":13}},"110":{"start":{"line":185,"column":16},"end":{"line":185,"column":63}},"111":{"start":{"line":187,"column":12},"end":{"line":191,"column":13}},"112":{"start":{"line":187,"column":25},"end":{"line":187,"column":26}},"113":{"start":{"line":188,"column":16},"end":{"line":190,"column":17}},"114":{"start":{"line":189,"column":20},"end":{"line":189,"column":32}},"115":{"start":{"line":192,"column":12},"end":{"line":192,"column":25}},"116":{"start":{"line":197,"column":23},"end":{"line":197,"column":25}},"117":{"start":{"line":198,"column":8},"end":{"line":214,"column":9}},"118":{"start":{"line":199,"column":12},"end":{"line":205,"column":13}},"119":{"start":{"line":200,"column":16},"end":{"line":204,"column":17}},"120":{"start":{"line":201,"column":20},"end":{"line":201,"column":51}},"121":{"start":{"line":203,"column":20},"end":{"line":203,"column":51}},"122":{"start":{"line":207,"column":12},"end":{"line":213,"column":13}},"123":{"start":{"line":208,"column":16},"end":{"line":208,"column":57}},"124":{"start":{"line":210,"column":16},"end":{"line":212,"column":17}},"125":{"start":{"line":211,"column":20},"end":{"line":211,"column":62}},"126":{"start":{"line":215,"column":8},"end":{"line":215,"column":22}},"127":{"start":{"line":219,"column":21},"end":{"line":219,"column":23}},"128":{"start":{"line":220,"column":8},"end":{"line":226,"column":9}},"129":{"start":{"line":220,"column":24},"end":{"line":220,"column":25}},"130":{"start":{"line":221,"column":33},"end":{"line":221,"column":35}},"131":{"start":{"line":222,"column":12},"end":{"line":224,"column":13}},"132":{"start":{"line":222,"column":24},"end":{"line":222,"column":25}},"133":{"start":{"line":223,"column":16},"end":{"line":223,"column":61}},"134":{"start":{"line":225,"column":12},"end":{"line":225,"column":49}},"135":{"start":{"line":227,"column":8},"end":{"line":227,"column":22}},"136":{"start":{"line":231,"column":8},"end":{"line":251,"column":9}},"137":{"start":{"line":231,"column":25},"end":{"line":231,"column":26}},"138":{"start":{"line":232,"column":34},"end":{"line":232,"column":46}},"139":{"start":{"line":233,"column":12},"end":{"line":250,"column":13}},"140":{"start":{"line":234,"column":16},"end":{"line":249,"column":17}},"141":{"start":{"line":235,"column":20},"end":{"line":246,"column":21}},"142":{"start":{"line":235,"column":33},"end":{"line":235,"column":34}},"143":{"start":{"line":236,"column":24},"end":{"line":245,"column":25}},"144":{"start":{"line":237,"column":28},"end":{"line":242,"column":29}},"145":{"start":{"line":238,"column":32},"end":{"line":240,"column":33}},"146":{"start":{"line":239,"column":36},"end":{"line":239,"column":42}},"147":{"start":{"line":241,"column":32},"end":{"line":241,"column":95}},"148":{"start":{"line":244,"column":28},"end":{"line":244,"column":67}},"149":{"start":{"line":248,"column":20},"end":{"line":248,"column":53}},"150":{"start":{"line":252,"column":8},"end":{"line":252,"column":22}},"151":{"start":{"line":256,"column":24},"end":{"line":256,"column":26}},"152":{"start":{"line":257,"column":26},"end":{"line":257,"column":28}},"153":{"start":{"line":258,"column":8},"end":{"line":266,"column":9}},"154":{"start":{"line":258,"column":21},"end":{"line":258,"column":22}},"155":{"start":{"line":259,"column":12},"end":{"line":265,"column":13}},"156":{"start":{"line":260,"column":16},"end":{"line":260,"column":51}},"157":{"start":{"line":262,"column":16},"end":{"line":264,"column":17}},"158":{"start":{"line":262,"column":33},"end":{"line":262,"column":34}},"159":{"start":{"line":263,"column":20},"end":{"line":263,"column":62}},"160":{"start":{"line":267,"column":8},"end":{"line":275,"column":9}},"161":{"start":{"line":268,"column":12},"end":{"line":274,"column":13}},"162":{"start":{"line":268,"column":25},"end":{"line":268,"column":26}},"163":{"start":{"line":269,"column":16},"end":{"line":273,"column":17}},"164":{"start":{"line":270,"column":20},"end":{"line":270,"column":26}},"165":{"start":{"line":271,"column":23},"end":{"line":273,"column":17}},"166":{"start":{"line":272,"column":20},"end":{"line":272,"column":47}},"167":{"start":{"line":276,"column":8},"end":{"line":276,"column":23}},"168":{"start":{"line":280,"column":26},"end":{"line":280,"column":28}},"169":{"start":{"line":281,"column":8},"end":{"line":285,"column":9}},"170":{"start":{"line":282,"column":12},"end":{"line":284,"column":13}},"171":{"start":{"line":283,"column":16},"end":{"line":283,"column":45}},"172":{"start":{"line":286,"column":8},"end":{"line":286,"column":25}},"173":{"start":{"line":290,"column":21},"end":{"line":290,"column":23}},"174":{"start":{"line":291,"column":26},"end":{"line":291,"column":28}},"175":{"start":{"line":292,"column":8},"end":{"line":300,"column":9}},"176":{"start":{"line":292,"column":21},"end":{"line":292,"column":22}},"177":{"start":{"line":293,"column":12},"end":{"line":299,"column":13}},"178":{"start":{"line":294,"column":16},"end":{"line":294,"column":51}},"179":{"start":{"line":296,"column":16},"end":{"line":298,"column":17}},"180":{"start":{"line":296,"column":33},"end":{"line":296,"column":34}},"181":{"start":{"line":297,"column":20},"end":{"line":297,"column":62}},"182":{"start":{"line":301,"column":8},"end":{"line":308,"column":9}},"183":{"start":{"line":302,"column":12},"end":{"line":307,"column":13}},"184":{"start":{"line":302,"column":25},"end":{"line":302,"column":26}},"185":{"start":{"line":303,"column":16},"end":{"line":306,"column":17}},"186":{"start":{"line":304,"column":20},"end":{"line":304,"column":46}},"187":{"start":{"line":305,"column":20},"end":{"line":305,"column":26}},"188":{"start":{"line":309,"column":8},"end":{"line":309,"column":22}},"189":{"start":{"line":313,"column":23},"end":{"line":313,"column":25}},"190":{"start":{"line":314,"column":8},"end":{"line":318,"column":9}},"191":{"start":{"line":315,"column":12},"end":{"line":317,"column":13}},"192":{"start":{"line":316,"column":16},"end":{"line":316,"column":44}},"193":{"start":{"line":319,"column":8},"end":{"line":319,"column":24}},"194":{"start":{"line":323,"column":23},"end":{"line":323,"column":25}},"195":{"start":{"line":324,"column":8},"end":{"line":331,"column":9}},"196":{"start":{"line":325,"column":12},"end":{"line":330,"column":13}},"197":{"start":{"line":326,"column":30},"end":{"line":326,"column":32}},"198":{"start":{"line":327,"column":16},"end":{"line":327,"column":42}},"199":{"start":{"line":328,"column":16},"end":{"line":328,"column":50}},"200":{"start":{"line":329,"column":16},"end":{"line":329,"column":46}},"201":{"start":{"line":332,"column":8},"end":{"line":332,"column":24}},"202":{"start":{"line":336,"column":0},"end":{"line":336,"column":24}}},"fnMap":{"0":{"name":"(anonymous_0)","decl":{"start":{"line":2,"column":4},"end":{"line":2,"column":5}},"loc":{"start":{"line":2,"column":21},"end":{"line":8,"column":5}},"line":2},"1":{"name":"(anonymous_1)","decl":{"start":{"line":10,"column":4},"end":{"line":10,"column":5}},"loc":{"start":{"line":10,"column":28},"end":{"line":14,"column":5}},"line":10},"2":{"name":"(anonymous_2)","decl":{"start":{"line":16,"column":4},"end":{"line":16,"column":5}},"loc":{"start":{"line":16,"column":27},"end":{"line":30,"column":5}},"line":16},"3":{"name":"(anonymous_3)","decl":{"start":{"line":32,"column":4},"end":{"line":32,"column":5}},"loc":{"start":{"line":32,"column":19},"end":{"line":40,"column":5}},"line":32},"4":{"name":"(anonymous_4)","decl":{"start":{"line":42,"column":4},"end":{"line":42,"column":5}},"loc":{"start":{"line":42,"column":28},"end":{"line":50,"column":5}},"line":42},"5":{"name":"(anonymous_5)","decl":{"start":{"line":52,"column":4},"end":{"line":52,"column":5}},"loc":{"start":{"line":52,"column":25},"end":{"line":54,"column":5}},"line":52},"6":{"name":"(anonymous_6)","decl":{"start":{"line":56,"column":4},"end":{"line":56,"column":5}},"loc":{"start":{"line":56,"column":28},"end":{"line":64,"column":5}},"line":56},"7":{"name":"(anonymous_7)","decl":{"start":{"line":66,"column":4},"end":{"line":66,"column":5}},"loc":{"start":{"line":66,"column":27},"end":{"line":116,"column":5}},"line":66},"8":{"name":"(anonymous_8)","decl":{"start":{"line":118,"column":4},"end":{"line":118,"column":5}},"loc":{"start":{"line":118,"column":40},"end":{"line":169,"column":5}},"line":118},"9":{"name":"(anonymous_9)","decl":{"start":{"line":171,"column":4},"end":{"line":171,"column":5}},"loc":{"start":{"line":171,"column":43},"end":{"line":194,"column":5}},"line":171},"10":{"name":"(anonymous_10)","decl":{"start":{"line":196,"column":4},"end":{"line":196,"column":5}},"loc":{"start":{"line":196,"column":24},"end":{"line":216,"column":5}},"line":196},"11":{"name":"(anonymous_11)","decl":{"start":{"line":218,"column":4},"end":{"line":218,"column":5}},"loc":{"start":{"line":218,"column":18},"end":{"line":228,"column":5}},"line":218},"12":{"name":"(anonymous_12)","decl":{"start":{"line":230,"column":4},"end":{"line":230,"column":5}},"loc":{"start":{"line":230,"column":28},"end":{"line":253,"column":5}},"line":230},"13":{"name":"(anonymous_13)","decl":{"start":{"line":255,"column":4},"end":{"line":255,"column":5}},"loc":{"start":{"line":255,"column":28},"end":{"line":277,"column":5}},"line":255},"14":{"name":"(anonymous_14)","decl":{"start":{"line":279,"column":4},"end":{"line":279,"column":5}},"loc":{"start":{"line":279,"column":23},"end":{"line":287,"column":5}},"line":279},"15":{"name":"(anonymous_15)","decl":{"start":{"line":289,"column":4},"end":{"line":289,"column":5}},"loc":{"start":{"line":289,"column":28},"end":{"line":310,"column":5}},"line":289},"16":{"name":"(anonymous_16)","decl":{"start":{"line":312,"column":4},"end":{"line":312,"column":5}},"loc":{"start":{"line":312,"column":23},"end":{"line":320,"column":5}},"line":312},"17":{"name":"(anonymous_17)","decl":{"start":{"line":322,"column":4},"end":{"line":322,"column":5}},"loc":{"start":{"line":322,"column":20},"end":{"line":333,"column":5}},"line":322}},"branchMap":{"0":{"loc":{"start":{"line":16,"column":17},"end":{"line":16,"column":25}},"type":"default-arg","locations":[{"start":{"line":16,"column":24},"end":{"line":16,"column":25}}],"line":16},"1":{"loc":{"start":{"line":21,"column":12},"end":{"line":24,"column":13}},"type":"if","locations":[{"start":{"line":21,"column":12},"end":{"line":24,"column":13}},{"start":{},"end":{}}],"line":21},"2":{"loc":{"start":{"line":26,"column":8},"end":{"line":28,"column":9}},"type":"if","locations":[{"start":{"line":26,"column":8},"end":{"line":28,"column":9}},{"start":{},"end":{}}],"line":26},"3":{"loc":{"start":{"line":35,"column":12},"end":{"line":37,"column":13}},"type":"if","locations":[{"start":{"line":35,"column":12},"end":{"line":37,"column":13}},{"start":{},"end":{}}],"line":35},"4":{"loc":{"start":{"line":42,"column":16},"end":{"line":42,"column":26}},"type":"default-arg","locations":[{"start":{"line":42,"column":25},"end":{"line":42,"column":26}}],"line":42},"5":{"loc":{"start":{"line":45,"column":12},"end":{"line":47,"column":13}},"type":"if","locations":[{"start":{"line":45,"column":12},"end":{"line":47,"column":13}},{"start":{},"end":{}}],"line":45},"6":{"loc":{"start":{"line":56,"column":16},"end":{"line":56,"column":26}},"type":"default-arg","locations":[{"start":{"line":56,"column":25},"end":{"line":56,"column":26}}],"line":56},"7":{"loc":{"start":{"line":59,"column":12},"end":{"line":61,"column":13}},"type":"if","locations":[{"start":{"line":59,"column":12},"end":{"line":61,"column":13}},{"start":{},"end":{}}],"line":59},"8":{"loc":{"start":{"line":68,"column":8},"end":{"line":114,"column":9}},"type":"if","locations":[{"start":{"line":68,"column":8},"end":{"line":114,"column":9}},{"start":{"line":92,"column":15},"end":{"line":114,"column":9}}],"line":68},"9":{"loc":{"start":{"line":70,"column":16},"end":{"line":90,"column":17}},"type":"if","locations":[{"start":{"line":70,"column":16},"end":{"line":90,"column":17}},{"start":{"line":74,"column":23},"end":{"line":90,"column":17}}],"line":70},"10":{"loc":{"start":{"line":71,"column":20},"end":{"line":73,"column":21}},"type":"if","locations":[{"start":{"line":71,"column":20},"end":{"line":73,"column":21}},{"start":{},"end":{}}],"line":71},"11":{"loc":{"start":{"line":74,"column":23},"end":{"line":90,"column":17}},"type":"if","locations":[{"start":{"line":74,"column":23},"end":{"line":90,"column":17}},{"start":{"line":78,"column":24},"end":{"line":90,"column":17}}],"line":74},"12":{"loc":{"start":{"line":75,"column":20},"end":{"line":77,"column":21}},"type":"if","locations":[{"start":{"line":75,"column":20},"end":{"line":77,"column":21}},{"start":{},"end":{}}],"line":75},"13":{"loc":{"start":{"line":78,"column":24},"end":{"line":90,"column":17}},"type":"if","locations":[{"start":{"line":78,"column":24},"end":{"line":90,"column":17}},{"start":{"line":86,"column":24},"end":{"line":90,"column":17}}],"line":78},"14":{"loc":{"start":{"line":83,"column":20},"end":{"line":85,"column":21}},"type":"if","locations":[{"start":{"line":83,"column":20},"end":{"line":85,"column":21}},{"start":{},"end":{}}],"line":83},"15":{"loc":{"start":{"line":83,"column":24},"end":{"line":83,"column":86}},"type":"binary-expr","locations":[{"start":{"line":83,"column":24},"end":{"line":83,"column":53}},{"start":{"line":83,"column":57},"end":{"line":83,"column":86}}],"line":83},"16":{"loc":{"start":{"line":87,"column":20},"end":{"line":89,"column":21}},"type":"if","locations":[{"start":{"line":87,"column":20},"end":{"line":89,"column":21}},{"start":{},"end":{}}],"line":87},"17":{"loc":{"start":{"line":93,"column":12},"end":{"line":113,"column":13}},"type":"if","locations":[{"start":{"line":93,"column":12},"end":{"line":113,"column":13}},{"start":{"line":97,"column":19},"end":{"line":113,"column":13}}],"line":93},"18":{"loc":{"start":{"line":94,"column":16},"end":{"line":96,"column":17}},"type":"if","locations":[{"start":{"line":94,"column":16},"end":{"line":96,"column":17}},{"start":{},"end":{}}],"line":94},"19":{"loc":{"start":{"line":97,"column":19},"end":{"line":113,"column":13}},"type":"if","locations":[{"start":{"line":97,"column":19},"end":{"line":113,"column":13}},{"start":{"line":101,"column":20},"end":{"line":113,"column":13}}],"line":97},"20":{"loc":{"start":{"line":98,"column":16},"end":{"line":100,"column":17}},"type":"if","locations":[{"start":{"line":98,"column":16},"end":{"line":100,"column":17}},{"start":{},"end":{}}],"line":98},"21":{"loc":{"start":{"line":101,"column":20},"end":{"line":113,"column":13}},"type":"if","locations":[{"start":{"line":101,"column":20},"end":{"line":113,"column":13}},{"start":{"line":109,"column":20},"end":{"line":113,"column":13}}],"line":101},"22":{"loc":{"start":{"line":106,"column":16},"end":{"line":108,"column":17}},"type":"if","locations":[{"start":{"line":106,"column":16},"end":{"line":108,"column":17}},{"start":{},"end":{}}],"line":106},"23":{"loc":{"start":{"line":106,"column":20},"end":{"line":106,"column":94}},"type":"binary-expr","locations":[{"start":{"line":106,"column":20},"end":{"line":106,"column":55}},{"start":{"line":106,"column":59},"end":{"line":106,"column":94}}],"line":106},"24":{"loc":{"start":{"line":110,"column":16},"end":{"line":112,"column":17}},"type":"if","locations":[{"start":{"line":110,"column":16},"end":{"line":112,"column":17}},{"start":{},"end":{}}],"line":110},"25":{"loc":{"start":{"line":118,"column":25},"end":{"line":118,"column":38}},"type":"default-arg","locations":[{"start":{"line":118,"column":37},"end":{"line":118,"column":38}}],"line":118},"26":{"loc":{"start":{"line":119,"column":8},"end":{"line":167,"column":9}},"type":"if","locations":[{"start":{"line":119,"column":8},"end":{"line":167,"column":9}},{"start":{"line":143,"column":15},"end":{"line":167,"column":9}}],"line":119},"27":{"loc":{"start":{"line":121,"column":16},"end":{"line":141,"column":17}},"type":"if","locations":[{"start":{"line":121,"column":16},"end":{"line":141,"column":17}},{"start":{"line":125,"column":23},"end":{"line":141,"column":17}}],"line":121},"28":{"loc":{"start":{"line":122,"column":20},"end":{"line":124,"column":21}},"type":"if","locations":[{"start":{"line":122,"column":20},"end":{"line":124,"column":21}},{"start":{},"end":{}}],"line":122},"29":{"loc":{"start":{"line":125,"column":23},"end":{"line":141,"column":17}},"type":"if","locations":[{"start":{"line":125,"column":23},"end":{"line":141,"column":17}},{"start":{"line":129,"column":24},"end":{"line":141,"column":17}}],"line":125},"30":{"loc":{"start":{"line":126,"column":20},"end":{"line":128,"column":21}},"type":"if","locations":[{"start":{"line":126,"column":20},"end":{"line":128,"column":21}},{"start":{},"end":{}}],"line":126},"31":{"loc":{"start":{"line":129,"column":24},"end":{"line":141,"column":17}},"type":"if","locations":[{"start":{"line":129,"column":24},"end":{"line":141,"column":17}},{"start":{"line":137,"column":24},"end":{"line":141,"column":17}}],"line":129},"32":{"loc":{"start":{"line":134,"column":20},"end":{"line":136,"column":21}},"type":"if","locations":[{"start":{"line":134,"column":20},"end":{"line":136,"column":21}},{"start":{},"end":{}}],"line":134},"33":{"loc":{"start":{"line":134,"column":24},"end":{"line":134,"column":86}},"type":"binary-expr","locations":[{"start":{"line":134,"column":24},"end":{"line":134,"column":53}},{"start":{"line":134,"column":57},"end":{"line":134,"column":86}}],"line":134},"34":{"loc":{"start":{"line":138,"column":20},"end":{"line":140,"column":21}},"type":"if","locations":[{"start":{"line":138,"column":20},"end":{"line":140,"column":21}},{"start":{},"end":{}}],"line":138},"35":{"loc":{"start":{"line":145,"column":16},"end":{"line":165,"column":17}},"type":"if","locations":[{"start":{"line":145,"column":16},"end":{"line":165,"column":17}},{"start":{"line":149,"column":23},"end":{"line":165,"column":17}}],"line":145},"36":{"loc":{"start":{"line":146,"column":20},"end":{"line":148,"column":21}},"type":"if","locations":[{"start":{"line":146,"column":20},"end":{"line":148,"column":21}},{"start":{},"end":{}}],"line":146},"37":{"loc":{"start":{"line":149,"column":23},"end":{"line":165,"column":17}},"type":"if","locations":[{"start":{"line":149,"column":23},"end":{"line":165,"column":17}},{"start":{"line":153,"column":24},"end":{"line":165,"column":17}}],"line":149},"38":{"loc":{"start":{"line":150,"column":20},"end":{"line":152,"column":21}},"type":"if","locations":[{"start":{"line":150,"column":20},"end":{"line":152,"column":21}},{"start":{},"end":{}}],"line":150},"39":{"loc":{"start":{"line":153,"column":24},"end":{"line":165,"column":17}},"type":"if","locations":[{"start":{"line":153,"column":24},"end":{"line":165,"column":17}},{"start":{"line":161,"column":24},"end":{"line":165,"column":17}}],"line":153},"40":{"loc":{"start":{"line":158,"column":20},"end":{"line":160,"column":21}},"type":"if","locations":[{"start":{"line":158,"column":20},"end":{"line":160,"column":21}},{"start":{},"end":{}}],"line":158},"41":{"loc":{"start":{"line":158,"column":24},"end":{"line":158,"column":98}},"type":"binary-expr","locations":[{"start":{"line":158,"column":24},"end":{"line":158,"column":59}},{"start":{"line":158,"column":63},"end":{"line":158,"column":98}}],"line":158},"42":{"loc":{"start":{"line":162,"column":20},"end":{"line":164,"column":21}},"type":"if","locations":[{"start":{"line":162,"column":20},"end":{"line":164,"column":21}},{"start":{},"end":{}}],"line":162},"43":{"loc":{"start":{"line":171,"column":32},"end":{"line":171,"column":41}},"type":"default-arg","locations":[{"start":{"line":171,"column":40},"end":{"line":171,"column":41}}],"line":171},"44":{"loc":{"start":{"line":172,"column":8},"end":{"line":193,"column":9}},"type":"if","locations":[{"start":{"line":172,"column":8},"end":{"line":193,"column":9}},{"start":{"line":183,"column":15},"end":{"line":193,"column":9}}],"line":172},"45":{"loc":{"start":{"line":172,"column":12},"end":{"line":172,"column":74}},"type":"binary-expr","locations":[{"start":{"line":172,"column":12},"end":{"line":172,"column":40}},{"start":{"line":172,"column":44},"end":{"line":172,"column":74}}],"line":172},"46":{"loc":{"start":{"line":176,"column":16},"end":{"line":180,"column":17}},"type":"if","locations":[{"start":{"line":176,"column":16},"end":{"line":180,"column":17}},{"start":{},"end":{}}],"line":176},"47":{"loc":{"start":{"line":177,"column":20},"end":{"line":179,"column":21}},"type":"if","locations":[{"start":{"line":177,"column":20},"end":{"line":179,"column":21}},{"start":{},"end":{}}],"line":177},"48":{"loc":{"start":{"line":184,"column":12},"end":{"line":186,"column":13}},"type":"if","locations":[{"start":{"line":184,"column":12},"end":{"line":186,"column":13}},{"start":{},"end":{}}],"line":184},"49":{"loc":{"start":{"line":188,"column":16},"end":{"line":190,"column":17}},"type":"if","locations":[{"start":{"line":188,"column":16},"end":{"line":190,"column":17}},{"start":{},"end":{}}],"line":188},"50":{"loc":{"start":{"line":188,"column":20},"end":{"line":188,"column":57}},"type":"binary-expr","locations":[{"start":{"line":188,"column":20},"end":{"line":188,"column":43}},{"start":{"line":188,"column":47},"end":{"line":188,"column":57}}],"line":188},"51":{"loc":{"start":{"line":198,"column":8},"end":{"line":214,"column":9}},"type":"if","locations":[{"start":{"line":198,"column":8},"end":{"line":214,"column":9}},{"start":{"line":206,"column":15},"end":{"line":214,"column":9}}],"line":198},"52":{"loc":{"start":{"line":200,"column":16},"end":{"line":204,"column":17}},"type":"if","locations":[{"start":{"line":200,"column":16},"end":{"line":204,"column":17}},{"start":{"line":202,"column":23},"end":{"line":204,"column":17}}],"line":200},"53":{"loc":{"start":{"line":207,"column":12},"end":{"line":213,"column":13}},"type":"if","locations":[{"start":{"line":207,"column":12},"end":{"line":213,"column":13}},{"start":{"line":209,"column":19},"end":{"line":213,"column":13}}],"line":207},"54":{"loc":{"start":{"line":234,"column":16},"end":{"line":249,"column":17}},"type":"if","locations":[{"start":{"line":234,"column":16},"end":{"line":249,"column":17}},{"start":{"line":247,"column":23},"end":{"line":249,"column":17}}],"line":234},"55":{"loc":{"start":{"line":236,"column":24},"end":{"line":245,"column":25}},"type":"if","locations":[{"start":{"line":236,"column":24},"end":{"line":245,"column":25}},{"start":{"line":243,"column":31},"end":{"line":245,"column":25}}],"line":236},"56":{"loc":{"start":{"line":238,"column":32},"end":{"line":240,"column":33}},"type":"if","locations":[{"start":{"line":238,"column":32},"end":{"line":240,"column":33}},{"start":{},"end":{}}],"line":238},"57":{"loc":{"start":{"line":238,"column":36},"end":{"line":238,"column":113}},"type":"binary-expr","locations":[{"start":{"line":238,"column":36},"end":{"line":238,"column":83}},{"start":{"line":238,"column":87},"end":{"line":238,"column":113}}],"line":238},"58":{"loc":{"start":{"line":259,"column":12},"end":{"line":265,"column":13}},"type":"if","locations":[{"start":{"line":259,"column":12},"end":{"line":265,"column":13}},{"start":{"line":261,"column":19},"end":{"line":265,"column":13}}],"line":259},"59":{"loc":{"start":{"line":269,"column":16},"end":{"line":273,"column":17}},"type":"if","locations":[{"start":{"line":269,"column":16},"end":{"line":273,"column":17}},{"start":{"line":271,"column":23},"end":{"line":273,"column":17}}],"line":269},"60":{"loc":{"start":{"line":271,"column":23},"end":{"line":273,"column":17}},"type":"if","locations":[{"start":{"line":271,"column":23},"end":{"line":273,"column":17}},{"start":{},"end":{}}],"line":271},"61":{"loc":{"start":{"line":282,"column":12},"end":{"line":284,"column":13}},"type":"if","locations":[{"start":{"line":282,"column":12},"end":{"line":284,"column":13}},{"start":{},"end":{}}],"line":282},"62":{"loc":{"start":{"line":293,"column":12},"end":{"line":299,"column":13}},"type":"if","locations":[{"start":{"line":293,"column":12},"end":{"line":299,"column":13}},{"start":{"line":295,"column":19},"end":{"line":299,"column":13}}],"line":293},"63":{"loc":{"start":{"line":303,"column":16},"end":{"line":306,"column":17}},"type":"if","locations":[{"start":{"line":303,"column":16},"end":{"line":306,"column":17}},{"start":{},"end":{}}],"line":303},"64":{"loc":{"start":{"line":315,"column":12},"end":{"line":317,"column":13}},"type":"if","locations":[{"start":{"line":315,"column":12},"end":{"line":317,"column":13}},{"start":{},"end":{}}],"line":315},"65":{"loc":{"start":{"line":325,"column":12},"end":{"line":330,"column":13}},"type":"if","locations":[{"start":{"line":325,"column":12},"end":{"line":330,"column":13}},{"start":{},"end":{}}],"line":325}},"s":{"0":360,"1":360,"2":694,"3":360,"4":136,"5":136,"6":136,"7":4,"8":4,"9":4,"10":4,"11":16,"12":16,"13":8,"14":8,"15":4,"16":1,"17":4,"18":4,"19":4,"20":4,"21":23,"22":10,"23":4,"24":4,"25":4,"26":4,"27":12,"28":6,"29":4,"30":4,"31":4,"32":4,"33":4,"34":12,"35":6,"36":4,"37":8,"38":8,"39":4,"40":8,"41":2,"42":1,"43":6,"44":2,"45":1,"46":4,"47":4,"48":4,"49":4,"50":4,"51":3,"52":0,"53":0,"54":4,"55":1,"56":1,"57":3,"58":1,"59":0,"60":2,"61":2,"62":2,"63":2,"64":2,"65":2,"66":0,"67":0,"68":8,"69":8,"70":4,"71":7,"72":1,"73":1,"74":6,"75":2,"76":1,"77":4,"78":4,"79":4,"80":6,"81":4,"82":2,"83":0,"84":0,"85":4,"86":8,"87":1,"88":1,"89":7,"90":3,"91":0,"92":4,"93":4,"94":4,"95":6,"96":4,"97":1,"98":0,"99":0,"100":2,"101":4,"102":1,"103":1,"104":1,"105":1,"106":1,"107":1,"108":0,"109":3,"110":1,"111":2,"112":2,"113":4,"114":1,"115":1,"116":4,"117":4,"118":2,"119":4,"120":2,"121":2,"122":2,"123":0,"124":2,"125":4,"126":4,"127":4,"128":4,"129":4,"130":8,"131":8,"132":8,"133":24,"134":8,"135":4,"136":3,"137":3,"138":3,"139":3,"140":3,"141":3,"142":3,"143":6,"144":6,"145":7,"146":2,"147":5,"148":0,"149":0,"150":3,"151":3,"152":3,"153":3,"154":3,"155":3,"156":1,"157":2,"158":2,"159":3,"160":3,"161":9,"162":9,"163":11,"164":4,"165":7,"166":5,"167":3,"168":2,"169":2,"170":6,"171":3,"172":2,"173":3,"174":3,"175":3,"176":3,"177":3,"178":1,"179":2,"180":2,"181":3,"182":3,"183":9,"184":9,"185":11,"186":4,"187":4,"188":3,"189":2,"190":2,"191":6,"192":3,"193":2,"194":2,"195":2,"196":6,"197":5,"198":5,"199":5,"200":5,"201":2,"202":1},"f":{"0":360,"1":136,"2":4,"3":4,"4":4,"5":4,"6":4,"7":8,"8":8,"9":4,"10":4,"11":4,"12":3,"13":3,"14":2,"15":3,"16":2,"17":2},"b":{"0":[0],"1":[8,8],"2":[1,3],"3":[10,13],"4":[1],"5":[6,6],"6":[1],"7":[6,6],"8":[4,4],"9":[2,6],"10":[1,1],"11":[2,4],"12":[1,1],"13":[4,0],"14":[3,1],"15":[4,3],"16":[0,0],"17":[1,3],"18":[1,0],"19":[1,2],"20":[0,1],"21":[2,0],"22":[2,0],"23":[2,2],"24":[0,0],"25":[8],"26":[4,4],"27":[1,6],"28":[1,0],"29":[2,4],"30":[1,1],"31":[4,0],"32":[2,2],"33":[4,2],"34":[0,0],"35":[1,7],"36":[1,0],"37":[3,4],"38":[0,3],"39":[4,0],"40":[1,3],"41":[4,1],"42":[0,0],"43":[3],"44":[1,3],"45":[4,3],"46":[1,0],"47":[1,0],"48":[1,2],"49":[1,3],"50":[4,2],"51":[2,2],"52":[2,2],"53":[0,2],"54":[3,0],"55":[6,0],"56":[2,5],"57":[7,2],"58":[1,2],"59":[4,7],"60":[5,2],"61":[3,3],"62":[1,2],"63":[4,7],"64":[3,3],"65":[5,1]},"_coverageSchema":"1a1c01bbd47fc00a2c39e90264f33305004495a9","hash":"cd60f83926c417e4790034dc0e25cdbac17262ae"}
}
