TN:
SF:script.js
FN:2,(anonymous_0)
FN:10,(anonymous_1)
FN:16,(anonymous_2)
FN:32,(anonymous_3)
FN:42,(anonymous_4)
FN:52,(anonymous_5)
FN:56,(anonymous_6)
FN:66,(anonymous_7)
FN:118,(anonymous_8)
FN:171,(anonymous_9)
FN:196,(anonymous_10)
FN:218,(anonymous_11)
FN:230,(anonymous_12)
FN:255,(anonymous_13)
FN:279,(anonymous_14)
FN:289,(anonymous_15)
FN:312,(anonymous_16)
FN:322,(anonymous_17)
FNF:18
FNH:18
FNDA:360,(anonymous_0)
FNDA:136,(anonymous_1)
FNDA:4,(anonymous_2)
FNDA:4,(anonymous_3)
FNDA:4,(anonymous_4)
FNDA:4,(anonymous_5)
FNDA:4,(anonymous_6)
FNDA:8,(anonymous_7)
FNDA:8,(anonymous_8)
FNDA:4,(anonymous_9)
FNDA:4,(anonymous_10)
FNDA:4,(anonymous_11)
FNDA:3,(anonymous_12)
FNDA:3,(anonymous_13)
FNDA:2,(anonymous_14)
FNDA:3,(anonymous_15)
FNDA:2,(anonymous_16)
FNDA:2,(anonymous_17)
DA:3,360
DA:4,360
DA:5,694
DA:7,360
DA:11,136
DA:12,136
DA:13,136
DA:17,4
DA:18,4
DA:19,4
DA:20,16
DA:21,16
DA:22,8
DA:23,8
DA:26,4
DA:27,1
DA:29,4
DA:33,4
DA:34,4
DA:35,23
DA:36,10
DA:39,4
DA:43,4
DA:44,4
DA:45,12
DA:46,6
DA:49,4
DA:53,4
DA:57,4
DA:58,4
DA:59,12
DA:60,6
DA:63,4
DA:67,8
DA:68,8
DA:69,4
DA:70,8
DA:71,2
DA:72,1
DA:74,6
DA:75,2
DA:76,1
DA:78,4
DA:79,4
DA:80,4
DA:81,4
DA:83,4
DA:84,3
DA:87,0
DA:88,0
DA:93,4
DA:94,1
DA:95,1
DA:97,3
DA:98,1
DA:99,0
DA:101,2
DA:102,2
DA:103,2
DA:104,2
DA:106,2
DA:107,2
DA:110,0
DA:111,0
DA:115,8
DA:119,8
DA:120,4
DA:121,7
DA:122,1
DA:123,1
DA:125,6
DA:126,2
DA:127,1
DA:129,4
DA:130,4
DA:131,4
DA:132,6
DA:134,4
DA:135,2
DA:138,0
DA:139,0
DA:144,4
DA:145,8
DA:146,1
DA:147,1
DA:149,7
DA:150,3
DA:151,0
DA:153,4
DA:154,4
DA:155,4
DA:156,6
DA:158,4
DA:159,1
DA:162,0
DA:163,0
DA:168,2
DA:172,4
DA:173,1
DA:174,1
DA:175,1
DA:176,1
DA:177,1
DA:178,1
DA:182,0
DA:184,3
DA:185,1
DA:187,2
DA:188,4
DA:189,1
DA:192,1
DA:197,4
DA:198,4
DA:199,2
DA:200,4
DA:201,2
DA:203,2
DA:207,2
DA:208,0
DA:210,2
DA:211,4
DA:215,4
DA:219,4
DA:220,4
DA:221,8
DA:222,8
DA:223,24
DA:225,8
DA:227,4
DA:231,3
DA:232,3
DA:233,3
DA:234,3
DA:235,3
DA:236,6
DA:237,6
DA:238,7
DA:239,2
DA:241,5
DA:244,0
DA:248,0
DA:252,3
DA:256,3
DA:257,3
DA:258,3
DA:259,3
DA:260,1
DA:262,2
DA:263,3
DA:267,3
DA:268,9
DA:269,11
DA:270,4
DA:271,7
DA:272,5
DA:276,3
DA:280,2
DA:281,2
DA:282,6
DA:283,3
DA:286,2
DA:290,3
DA:291,3
DA:292,3
DA:293,3
DA:294,1
DA:296,2
DA:297,3
DA:301,3
DA:302,9
DA:303,11
DA:304,4
DA:305,4
DA:309,3
DA:313,2
DA:314,2
DA:315,6
DA:316,3
DA:319,2
DA:323,2
DA:324,2
DA:325,6
DA:326,5
DA:327,5
DA:328,5
DA:329,5
DA:332,2
DA:336,1
LF:188
LH:174
BRDA:16,0,0,0
BRDA:21,1,0,8
BRDA:21,1,1,8
BRDA:26,2,0,1
BRDA:26,2,1,3
BRDA:35,3,0,10
BRDA:35,3,1,13
BRDA:42,4,0,1
BRDA:45,5,0,6
BRDA:45,5,1,6
BRDA:56,6,0,1
BRDA:59,7,0,6
BRDA:59,7,1,6
BRDA:68,8,0,4
BRDA:68,8,1,4
BRDA:70,9,0,2
BRDA:70,9,1,6
BRDA:71,10,0,1
BRDA:71,10,1,1
BRDA:74,11,0,2
BRDA:74,11,1,4
BRDA:75,12,0,1
BRDA:75,12,1,1
BRDA:78,13,0,4
BRDA:78,13,1,0
BRDA:83,14,0,3
BRDA:83,14,1,1
BRDA:83,15,0,4
BRDA:83,15,1,3
BRDA:87,16,0,0
BRDA:87,16,1,0
BRDA:93,17,0,1
BRDA:93,17,1,3
BRDA:94,18,0,1
BRDA:94,18,1,0
BRDA:97,19,0,1
BRDA:97,19,1,2
BRDA:98,20,0,0
BRDA:98,20,1,1
BRDA:101,21,0,2
BRDA:101,21,1,0
BRDA:106,22,0,2
BRDA:106,22,1,0
BRDA:106,23,0,2
BRDA:106,23,1,2
BRDA:110,24,0,0
BRDA:110,24,1,0
BRDA:118,25,0,8
BRDA:119,26,0,4
BRDA:119,26,1,4
BRDA:121,27,0,1
BRDA:121,27,1,6
BRDA:122,28,0,1
BRDA:122,28,1,0
BRDA:125,29,0,2
BRDA:125,29,1,4
BRDA:126,30,0,1
BRDA:126,30,1,1
BRDA:129,31,0,4
BRDA:129,31,1,0
BRDA:134,32,0,2
BRDA:134,32,1,2
BRDA:134,33,0,4
BRDA:134,33,1,2
BRDA:138,34,0,0
BRDA:138,34,1,0
BRDA:145,35,0,1
BRDA:145,35,1,7
BRDA:146,36,0,1
BRDA:146,36,1,0
BRDA:149,37,0,3
BRDA:149,37,1,4
BRDA:150,38,0,0
BRDA:150,38,1,3
BRDA:153,39,0,4
BRDA:153,39,1,0
BRDA:158,40,0,1
BRDA:158,40,1,3
BRDA:158,41,0,4
BRDA:158,41,1,1
BRDA:162,42,0,0
BRDA:162,42,1,0
BRDA:171,43,0,3
BRDA:172,44,0,1
BRDA:172,44,1,3
BRDA:172,45,0,4
BRDA:172,45,1,3
BRDA:176,46,0,1
BRDA:176,46,1,0
BRDA:177,47,0,1
BRDA:177,47,1,0
BRDA:184,48,0,1
BRDA:184,48,1,2
BRDA:188,49,0,1
BRDA:188,49,1,3
BRDA:188,50,0,4
BRDA:188,50,1,2
BRDA:198,51,0,2
BRDA:198,51,1,2
BRDA:200,52,0,2
BRDA:200,52,1,2
BRDA:207,53,0,0
BRDA:207,53,1,2
BRDA:234,54,0,3
BRDA:234,54,1,0
BRDA:236,55,0,6
BRDA:236,55,1,0
BRDA:238,56,0,2
BRDA:238,56,1,5
BRDA:238,57,0,7
BRDA:238,57,1,2
BRDA:259,58,0,1
BRDA:259,58,1,2
BRDA:269,59,0,4
BRDA:269,59,1,7
BRDA:271,60,0,5
BRDA:271,60,1,2
BRDA:282,61,0,3
BRDA:282,61,1,3
BRDA:293,62,0,1
BRDA:293,62,1,2
BRDA:303,63,0,4
BRDA:303,63,1,7
BRDA:315,64,0,3
BRDA:315,64,1,3
BRDA:325,65,0,5
BRDA:325,65,1,1
BRF:127
BRH:103
end_of_record
